<?xml version="1.0" encoding="UTF-8"?>
<!-- Generated by org.testng.reporters.JUnitReportReporter -->
<testsuite hostname="DESKTOP-68DBCF4" failures="0" tests="3" name="com.demoshop.DemoShop" time="12.771" errors="0" timestamp="24 Jan 2018 17:29:13 GMT" skipped="0">
  <testcase classname="com.demoshop.DemoShop" name="alaunchBrowser" time="9.751"/>
  <testcase classname="com.demoshop.DemoShop" name="blogin" time="1.863"/>
  <testcase classname="com.demoshop.DemoShop" name="clogout" time="1.157"/>
</testsuite> <!-- com.demoshop.DemoShop -->
