<?xml version="1.0" encoding="UTF-8"?>
<!-- Generated by org.testng.reporters.JUnitReportReporter -->
<testsuite hostname="DESKTOP-68DBCF4" failures="0" tests="1" name="com.demoshop.login.DemoShop1" time="14.567" errors="0" timestamp="24 Jan 2018 18:46:36 GMT" skipped="0">
  <testcase classname="com.demoshop.login.DemoShop1" name="alaunchBrowser" time="14.567"/>
</testsuite> <!-- com.demoshop.login.DemoShop1 -->
