<?xml version="1.0" encoding="UTF-8"?>
<!-- Generated by org.testng.reporters.JUnitReportReporter -->
<testsuite hostname="DESKTOP-68DBCF4" failures="0" tests="2" name="TestNG_dependency.TestDepend" time="0.009" errors="0" timestamp="22 Jan 2018 17:48:25 GMT" skipped="0">
  <testcase classname="TestNG_dependency.TestDepend" name="method2" time="0.001"/>
  <testcase classname="TestNG_dependency.TestDepend" name="method1" time="0.008"/>
</testsuite> <!-- TestNG_dependency.TestDepend -->
