<?xml version="1.0" encoding="UTF-8"?>
<!-- Generated by org.testng.reporters.JUnitReportReporter -->
<testsuite hostname="DESKTOP-68DBCF4" failures="0" tests="2" name="TestNG_Demo.TestNG_Anno" time="0.012" errors="0" timestamp="21 Jan 2018 18:04:57 GMT" skipped="0">
  <testcase classname="TestNG_Demo.TestNG_Anno" name="thirdGroup" time="0.003"/>
  <testcase classname="TestNG_Demo.TestNG_Anno" name="firstGroup" time="0.009"/>
</testsuite> <!-- TestNG_Demo.TestNG_Anno -->
