<?xml version="1.0" encoding="UTF-8"?>
<!-- Generated by org.testng.reporters.JUnitReportReporter -->
<testsuite hostname="DESKTOP-68DBCF4" failures="0" tests="3" name="TestNG_Demo.TestNG_DataProvider" time="0.005" errors="0" timestamp="21 Jan 2018 18:04:57 GMT" skipped="0">
  <testcase classname="TestNG_Demo.TestNG_DataProvider" name="setData" time="0.001"/>
  <testcase classname="TestNG_Demo.TestNG_DataProvider" name="setData" time="0.002"/>
  <testcase classname="TestNG_Demo.TestNG_DataProvider" name="setData" time="0.002"/>
</testsuite> <!-- TestNG_Demo.TestNG_DataProvider -->
